EXEC : warning : C:\Users\danhe\OneDrive\Documents\GitHub\MacView\snow\Cargo.toml: unused manifest key: workspace.features
      Blocking waiting for file lock on package cache
EXEC : warning : Patch `ecolor v0.30.0 (https://github.com/twvd/egui.git?branch=patch-0.30.0#856d675c)` was not used in the crate graph.
  Patch `egui v0.30.0 (https://github.com/twvd/egui.git?branch=patch-0.30.0#856d675c)` was not used in the crate graph.
  Patch `egui-file-dialog v0.9.0 (https://github.com/twvd/snow-egui-file-dialog.git?rev=7504d855c587129b36092cea818fafd2153a311b#7504d855)` was not used in the crate graph.
  Patch `egui-winit v0.30.0 (https://github.com/twvd/egui.git?branch=patch-0.30.0#856d675c)` was not used in the crate graph.
  Patch `emath v0.30.0 (https://github.com/twvd/egui.git?branch=patch-0.30.0#856d675c)` was not used in the crate graph.
  Patch `epaint v0.30.0 (https://github.com/twvd/egui.git?branch=patch-0.30.0#856d675c)` was not used in the crate graph.
  Check that the patched package version and available features are compatible
  with the dependency requirements. If the patch has a different version from
  what is locked in the Cargo.lock file, run `cargo update` to use the new
  version. This may also occur with an optional dependency that is not enabled.
     Compiling proc-macro2 v1.0.93
     Compiling unicode-ident v1.0.14
     Compiling jobserver v0.1.32
     Compiling shlex v1.3.0
     Compiling pkg-config v0.3.31
     Compiling libc v0.2.169
     Compiling cfg-if v1.0.0
     Compiling windows_x86_64_gnu v0.52.6
     Compiling cc v1.2.10
     Compiling stable_deref_trait v1.2.0
     Compiling vcpkg v0.2.15
     Compiling writeable v0.5.5
     Compiling litemap v0.7.4
     Compiling memchr v2.7.4
     Compiling autocfg v1.4.0
     Compiling num-traits v0.2.19
     Compiling windows-targets v0.52.6
     Compiling quote v1.0.38
     Compiling icu_locid_transform_data v1.5.0
     Compiling icu_properties_data v1.5.0
     Compiling libz-sys v1.1.21
     Compiling syn v2.0.100
     Compiling libgit2-sys v0.18.0+1.9.0
     Compiling byteorder v1.5.0
     Compiling utf8_iter v1.0.4
     Compiling utf16_iter v1.0.5
     Compiling icu_normalizer_data v1.5.0
     Compiling smallvec v1.13.2
     Compiling write16 v1.0.0
     Compiling zstd-sys v2.0.13+zstd.1.5.6
     Compiling windows-sys v0.59.0
     Compiling log v0.4.27
     Compiling serde v1.0.219
     Compiling once_cell v1.20.2
     Compiling adler2 v2.0.0
     Compiling synstructure v0.13.1
     Compiling percent-encoding v2.3.1
     Compiling typenum v1.17.0
     Compiling version_check v0.9.5
     Compiling crossbeam-utils v0.8.21
     Compiling form_urlencoded v1.2.1
     Compiling miniz_oxide v0.8.3
     Compiling generic-array v0.14.7
     Compiling bzip2-sys v0.1.11+1.0.8
     Compiling zerofrom-derive v0.1.5
     Compiling yoke-derive v0.7.5
     Compiling zerovec-derive v0.10.3
     Compiling displaydoc v0.2.5
     Compiling icu_provider_macros v1.5.0
     Compiling zerocopy-derive v0.7.35
     Compiling serde_derive v1.0.219
     Compiling zerofrom v0.1.5
     Compiling yoke v0.7.5
     Compiling aho-corasick v1.1.3
     Compiling zerovec v0.10.4
     Compiling zerocopy v0.7.35
     Compiling tinystr v0.7.6
     Compiling icu_locid v1.5.0
     Compiling icu_collections v1.5.0
     Compiling icu_provider v1.5.0
     Compiling icu_locid_transform v1.5.0
     Compiling icu_properties v1.5.1
     Compiling ppv-lite86 v0.2.20
     Compiling icu_normalizer v1.5.0
     Compiling zstd-safe v7.2.1
     Compiling idna_adapter v1.2.0
     Compiling idna v1.0.3
     Compiling rustversion v1.0.19
     Compiling getrandom v0.3.1
     Compiling syn v1.0.109
     Compiling regex-syntax v0.8.5
     Compiling url v2.5.4
     Compiling crc32fast v1.4.2
     Compiling regex-automata v0.4.9
     Compiling getrandom v0.2.15
     Compiling powerfmt v0.2.0
     Compiling crc-catalog v2.4.0
     Compiling binrw_derive v0.14.1
     Compiling thiserror v2.0.11
     Compiling thiserror v1.0.69
     Compiling utf8parse v0.2.2
     Compiling anstyle v1.0.10
     Compiling bitflags v2.8.0
     Compiling object v0.36.7
     Compiling anstyle-wincon v3.0.7
     Compiling regex v1.11.1
     Compiling anstyle-parse v0.2.6
     Compiling crc v3.2.1
     Compiling deranged v0.3.11
     Compiling rand_core v0.6.4
     Compiling bytemuck_derive v1.8.1
     Compiling thiserror-impl v1.0.69
     Compiling thiserror-impl v2.0.11
     Compiling num-integer v0.1.46
     Compiling anstyle-query v1.1.2
     Compiling winapi-x86_64-pc-windows-gnu v0.4.0
     Compiling gimli v0.31.1
     Compiling colorchoice v1.0.3
     Compiling simd-adler32 v0.3.7
     Compiling is_terminal_polyfill v1.70.1
     Compiling num-conv v0.1.0
     Compiling binrw v0.14.1
     Compiling equivalent v1.0.1
     Compiling time-core v0.1.2
     Compiling owo-colors v3.5.0
     Compiling zip v2.2.2
     Compiling either v1.13.0
     Compiling lockfree-object-pool v0.1.6
     Compiling hashbrown v0.15.2
     Compiling bumpalo v3.16.0
     Compiling zerocopy v0.8.26
     Compiling heck v0.5.0
     Compiling indexmap v2.7.0
     Compiling strum_macros v0.26.4
     Compiling addr2line v0.24.2
     Compiling zopfli v0.8.1
     Compiling time v0.3.37
     Compiling anstream v0.6.18
     Compiling bytemuck v1.21.0
     Compiling bzip2 v0.4.4
     Compiling rand_core v0.9.3
     Compiling rand_chacha v0.3.1
     Compiling lzma-rs v0.3.0
     Compiling env_filter v0.1.3
     Compiling flate2 v1.0.35
     Compiling bit-vec v0.8.0
     Compiling filetime v0.2.25
     Compiling jiff v0.2.5
     Compiling winapi v0.3.9
     Compiling deflate64 v0.1.9
     Compiling rustc-demangle v0.1.24
     Compiling anyhow v1.0.97
     Compiling array-init v2.1.0
     Compiling tar v0.4.43
     Compiling rand v0.8.5
     Compiling backtrace v0.3.74
     Compiling rand_chacha v0.9.0
     Compiling zstd v0.13.2
     Compiling env_logger v0.11.8
     Compiling histogram v0.11.1
     Compiling strum v0.26.3
     Compiling num-bigint v0.4.6
     Compiling crypto-common v0.1.6
     Compiling block-buffer v0.10.4
     Compiling crossbeam-epoch v0.9.18
     Compiling num-derive v0.4.2
     Compiling serde_json v1.0.140
     Compiling dyn-clone v1.0.17
     Compiling sha1_smol v1.0.1
     Compiling rand v0.9.0
     Compiling fluxfox v0.2.0 (https://github.com/dbalsom/fluxfox.git?rev=6498fe59fd5a5cc4c1f2b7ee5ab795515c52febd#6498fe59)
     Compiling num-rational v0.4.2
     Compiling crossbeam-deque v0.8.6
     Compiling digest v0.10.7
     Compiling itertools v0.14.0
     Compiling num-iter v0.1.45
     Compiling crossbeam-channel v0.5.15
     Compiling crossbeam-queue v0.3.12
     Compiling proc-bitfield-macros v0.5.2
     Compiling num-complex v0.4.6
     Compiling itoa v1.0.14
     Compiling windows-link v0.1.0
     Compiling ryu v1.0.18
     Compiling static_assertions v1.1.0
     Compiling cpufeatures v0.2.16
     Compiling sha2 v0.10.8
     Compiling chrono v0.4.40
     Compiling proc-bitfield v0.5.2
     Compiling num v0.4.3
     Compiling crossbeam v0.8.4
     Compiling fs2 v0.4.3
     Compiling itertools v0.13.0
     Compiling bit-set v0.8.0
     Compiling arrayvec v0.7.6
     Compiling arpfloat v0.1.11
     Compiling hex-literal v0.4.1
     Compiling hex v0.4.3
     Compiling memmap2 v0.9.5
     Compiling git2 v0.20.0
     Compiling built v0.7.7
     Compiling snow_floppy v0.1.0 (C:\Users\danhe\OneDrive\Documents\GitHub\MacView\snow\floppy)
     Compiling snow_core v0.1.0 (C:\Users\danhe\OneDrive\Documents\GitHub\MacView\snow\core)
      Finished `release` profile [optimized] target(s) in 4m 03s
